================================================================================
COMPILATION PROGRESS LOG
================================================================================

TRACKING COUNTS:
----------------
- files_compiled:      Number of files that have finished compiling (object files created)
- total_files:         Total number of files that will be compiled (compiler invocations seen)
- libraries_compiled:  Number of libraries that have finished compiling
- total_libraries:     Total number of unique libraries detected
- compile_lines:       List of all compilation command lines seen (used to count total_files)
- compiled_lines:      List of all compiled file evidence seen (used to count files_compiled)

PROGRESS STAGE RANGES:
----------------------
- INITIALIZING (0-5%):
  * Basic initialization (0-3%)
  * Detecting libraries (3-4%)
  * Generating function prototypes (4-5%)

- COMPILING (5-65%):
  * Compiling libraries (5-35%)
  * Compiling core (35-50%)
  * Compiling sketch/files (50-65%)

- LINKING (65-90%):
  * Linking everything together

- GENERATING (90-99%):
  * Creating ESP32S3 image

- COMPLETE (100%):
  * Compilation finished

PROGRESS INCREASE MARKERS:
--------------------------
Progress increases when:
1. Files are detected being compiled (total_files count increases)
2. Files finish compiling (files_compiled count increases)
3. Libraries are detected (total_libraries count increases)
4. Libraries finish compiling (libraries_compiled count increases)
5. Stage transitions occur (INITIALIZING -> COMPILING -> LINKING -> GENERATING -> COMPLETE)
6. Time-based progress within current stage (if file counts unknown)

CALCULATIONS AND PROJECTIONS:
------------------------------
- File-based progress:    files_compiled / total_files * (stage_range_size) + stage_start
- Library-based progress: libraries_compiled / total_libraries * (library_range_size) + library_start
- Time-based progress:    elapsed_time * rate_factor (fallback when counts unknown)
- Average compile time:   Moving average of last 10 file compile times
- Estimated total files:  Calculated from discovery rate and elapsed time
- File discovery rate:    files_compiled / compile_elapsed_time

DETECTION PATTERNS:
-------------------
- Compiler invocations:   "xtensa-esp32s3-elf-g++" or "xtensa-esp32s3-elf-gcc" with "-c" flag
- Compiling messages:     "Compiling file.cpp", "Compiling library X", "Compiling core"
- Compiled evidence:      ".cpp.o", ".c.o", "gcc-ar", "Compiled file.cpp"
- Stage transitions:      "Detecting libraries", "Generating prototypes", "Linking", "Creating ESP32"

================================================================================
COMPILATION OUTPUT:
================================================================================


================================================================================
PROJECTION CALCULATION RESULTS
================================================================================

CURRENT TRACKING COUNTS:
  files_compiled:      0
  total_files:         0
  libraries_compiled:  0
  total_libraries:     0
  current_stage:       Initializing

PROJECTION CALCULATIONS:
  File progress:       0 files (total unknown)
  Library progress:    0 libraries (total unknown)
  Elapsed time:        0.0 seconds

SUB-STAGE STATUS:
  Detecting libraries: No (completed: No)
  Generating prototypes: No (completed: No)
  Compiling libraries: No
  Compiling core:      No
  Compiling sketch:    No
  Current library:     (none)
  Current file:        (none)

================================================================================


==========================================
1 % progress
==========================================

==========================================
2 % progress
==========================================
FQBN: esp32:esp32:esp32s3
Using board 'esp32s3' from platform in folder: C:\Users\slett\AppData\Local\Arduino15\packages\esp32\hardware\esp32\3.3.3
Using core 'esp32' from platform in folder: C:\Users\slett\AppData\Local\Arduino15\packages\esp32\hardware\esp32\3.3.3

cmd /c if exist "D:\\_dev\\_Projects\\dev-boards\\_projects\\esp32-s3__LB-Gold\\sht21-solo\\partitions.csv" COPY /y "D:\\_dev\\_Projects\\dev-boards\\_projects\\esp32-s3__LB-Gold\\sht21-solo\\partitions.csv" "D:\\_dev\\_Projects\\dev-boards\\_projects\\esp32-s3__LB-Gold\\sht21-solo\\build\\partitions.csv"

==========================================
5 % progress
==========================================
cmd /c if not exist "D:\\_dev\\_Projects\\dev-boards\\_projects\\esp32-s3__LB-Gold\\sht21-solo\\build\\partitions.csv" if exist "C:\\Users\\slett\\AppData\\Local\\Arduino15\\packages\\esp32\\hardware\\esp32\\3.3.3\\variants\\esp32s3\\partitions.csv" COPY "C:\\Users\\slett\\AppData\\Local\\Arduino15\\packages\\esp32\\hardware\\esp32\\3.3.3\\variants\\esp32s3\\partitions.csv" "D:\\_dev\\_Projects\\dev-boards\\_projects\\esp32-s3__LB-Gold\\sht21-solo\\build\\partitions.csv"
cmd /c if not exist "D:\\_dev\\_Projects\\dev-boards\\_projects\\esp32-s3__LB-Gold\\sht21-solo\\build\\partitions.csv" COPY "C:\\Users\\slett\\AppData\\Local\\Arduino15\\packages\\esp32\\hardware\\esp32\\3.3.3\\tools\\partitions\\default.csv" "D:\\_dev\\_Projects\\dev-boards\\_projects\\esp32-s3__LB-Gold\\sht21-solo\\build\\partitions.csv"
cmd /c IF EXIST "D:\\_dev\\_Projects\\dev-boards\\_projects\\esp32-s3__LB-Gold\\sht21-solo\\bootloader.bin" ( COPY /y "D:\\_dev\\_Projects\\dev-boards\\_projects\\esp32-s3__LB-Gold\\sht21-solo\\bootloader.bin" "D:\\_dev\\_Projects\\dev-boards\\_projects\\esp32-s3__LB-Gold\\sht21-solo\\build\\sht21-solo.ino.bootloader.bin" ) ELSE ( IF EXIST "C:\\Users\\slett\\AppData\\Local\\Arduino15\\packages\\esp32\\hardware\\esp32\\3.3.3\\variants\\esp32s3\\bootloader.bin" ( COPY "C:\\Users\\slett\\AppData\\Local\\Arduino15\\packages\\esp32\\hardware\\esp32\\3.3.3\\variants\\esp32s3\\bootloader.bin" "D:\\_dev\\_Projects\\dev-boards\\_projects\\esp32-s3__LB-Gold\\sht21-solo\\build\\sht21-solo.ino.bootloader.bin" ) ELSE ( "C:\\Users\\slett\\AppData\\Local\\Arduino15\\packages\\esp32\\tools\\esptool_py\\5.1.0\\esptool.exe" --chip esp32s3 elf2image --flash-mode dio --flash-freq 80m --flash-size 4MB -o "D:\\_dev\\_Projects\\dev-boards\\_projects\\esp32-s3__LB-Gold\\sht21-solo\\build\\sht21-solo.ino.bootloader.bin" "C:\\Users\\slett\\AppData\\Local\\Arduino15\\packages\\esp32\\tools\\esp32-arduino-libs\\idf-release_v5.5-f1a1df9b-v3\\esp32s3\\bin\\bootloader_qio_80m.elf" ) )

==========================================
6 % progress
==========================================

==========================================
7 % progress
==========================================

==========================================
8 % progress
==========================================
esptool v5.1.0
Creating ESP32S3 image...
Merged 2 ELF sections.
Successfully created ESP32S3 image.

==========================================
9 % progress
==========================================

==========================================
10 % progress
==========================================
cmd /c if exist "D:\\_dev\\_Projects\\dev-boards\\_projects\\esp32-s3__LB-Gold\\sht21-solo\\build_opt.h" COPY /y "D:\\_dev\\_Projects\\dev-boards\\_projects\\esp32-s3__LB-Gold\\sht21-solo\\build_opt.h" "D:\\_dev\\_Projects\\dev-boards\\_projects\\esp32-s3__LB-Gold\\sht21-solo\\build\\build_opt.h"
cmd /c if not exist "D:\\_dev\\_Projects\\dev-boards\\_projects\\esp32-s3__LB-Gold\\sht21-solo\\build\\build_opt.h" type nul > "D:\\_dev\\_Projects\\dev-boards\\_projects\\esp32-s3__LB-Gold\\sht21-solo\\build\\build_opt.h"
cmd /c type nul > "D:\\_dev\\_Projects\\dev-boards\\_projects\\esp32-s3__LB-Gold\\sht21-solo\\build/file_opts"
cmd /c COPY /y "C:\\Users\\slett\\AppData\\Local\\Arduino15\\packages\\esp32\\tools\\esp32-arduino-libs\\idf-release_v5.5-f1a1df9b-v3\\esp32s3\\sdkconfig" "D:\\_dev\\_Projects\\dev-boards\\_projects\\esp32-s3__LB-Gold\\sht21-solo\\build\\sdkconfig"

==========================================
11 % progress
==========================================
        1 file(s) copied.
Detecting libraries used...

==========================================
12 % progress
==========================================

==========================================
13 % progress
==========================================

==========================================
14 % progress
==========================================

==========================================
15 % progress
==========================================

==========================================
16 % progress
==========================================

==========================================
17 % progress
==========================================

==========================================
18 % progress
==========================================

==========================================
19 % progress
==========================================

==========================================
20 % progress
==========================================

==========================================
21 % progress
==========================================

==========================================
22 % progress
==========================================

==========================================
23 % progress
==========================================

==========================================
24 % progress
==========================================

==========================================
25 % progress
==========================================

==========================================
26 % progress
==========================================

==========================================
27 % progress
==========================================

==========================================
28 % progress
==========================================

==========================================
29 % progress
==========================================

==========================================
30 % progress
==========================================

==========================================
31 % progress
==========================================

==========================================
32 % progress
==========================================

==========================================
33 % progress
==========================================

==========================================
34 % progress
==========================================

==========================================
35 % progress
==========================================

==========================================
36 % progress
==========================================

==========================================
37 % progress
==========================================

==========================================
38 % progress
==========================================

==========================================
39 % progress
==========================================

==========================================
40 % progress
==========================================

==========================================
41 % progress
==========================================

==========================================
42 % progress
==========================================

==========================================
43 % progress
==========================================

==========================================
44 % progress
==========================================

==========================================
45 % progress
==========================================

==========================================
46 % progress
==========================================

==========================================
47 % progress
==========================================

==========================================
48 % progress
==========================================
C:\Users\slett\AppData\Local\Arduino15\packages\esp32\tools\esp-x32\2507/bin/xtensa-esp32s3-elf-g++ -c @C:\Users\slett\AppData\Local\Arduino15\packages\esp32\tools\esp32-arduino-libs\idf-release_v5.5-f1a1df9b-v3\esp32s3/flags/cpp_flags -w -Os -Werror=return-type -w -x c++ -E -CC -DF_CPU=240000000L -DARDUINO=10607 -DARDUINO_ESP32S3_DEV -DARDUINO_ARCH_ESP32 -DARDUINO_BOARD="ESP32S3_DEV" -DARDUINO_VARIANT="esp32s3" -DARDUINO_PARTITION_default -DARDUINO_HOST_OS="windows" -DARDUINO_FQBN="esp32:esp32:esp32s3" -DESP32=ESP32 -DCORE_DEBUG_LEVEL=0 -DARDUINO_RUNNING_CORE=1 -DARDUINO_EVENT_RUNNING_CORE=1 -DARDUINO_USB_MODE=1 -DARDUINO_USB_CDC_ON_BOOT=0 -DARDUINO_USB_MSC_ON_BOOT=0 -DARDUINO_USB_DFU_ON_BOOT=0 @C:\Users\slett\AppData\Local\Arduino15\packages\esp32\tools\esp32-arduino-libs\idf-release_v5.5-f1a1df9b-v3\esp32s3/flags/defines -ID:\_dev\_Projects\dev-boards\_projects\esp32-s3__LB-Gold\sht21-solo -iprefix C:\Users\slett\AppData\Local\Arduino15\packages\esp32\tools\esp32-arduino-libs\idf-release_v5.5-f1a1df9b-v3\esp32s3/include/ @C:\Users\slett\AppData\Local\Arduino15\packages\esp32\tools\esp32-arduino-libs\idf-release_v5.5-f1a1df9b-v3\esp32s3/flags/includes -IC:\Users\slett\AppData\Local\Arduino15\packages\esp32\tools\esp32-arduino-libs\idf-release_v5.5-f1a1df9b-v3\esp32s3/qio_qspi/include -IC:\Users\slett\AppData\Local\Arduino15\packages\esp32\hardware\esp32\3.3.3\cores\esp32 -IC:\Users\slett\AppData\Local\Arduino15\packages\esp32\hardware\esp32\3.3.3\variants\esp32s3 @D:\_dev\_Projects\dev-boards\_projects\esp32-s3__LB-Gold\sht21-solo\build/build_opt.h @D:\_dev\_Projects\dev-boards\_projects\esp32-s3__LB-Gold\sht21-solo\build/file_opts D:\_dev\_Projects\dev-boards\_projects\esp32-s3__LB-Gold\sht21-solo\build\sketch\sht21-solo.ino.cpp -o nul
Alternatives for Wire.h: [Wire@3.3.3]
ResolveLibrary(Wire.h)
  -> candidates: [Wire@3.3.3]
C:\Users\slett\AppData\Local\Arduino15\packages\esp32\tools\esp-x32\2507/bin/xtensa-esp32s3-elf-g++ -c @C:\Users\slett\AppData\Local\Arduino15\packages\esp32\tools\esp32-arduino-libs\idf-release_v5.5-f1a1df9b-v3\esp32s3/flags/cpp_flags -w -Os -Werror=return-type -w -x c++ -E -CC -DF_CPU=240000000L -DARDUINO=10607 -DARDUINO_ESP32S3_DEV -DARDUINO_ARCH_ESP32 -DARDUINO_BOARD="ESP32S3_DEV" -DARDUINO_VARIANT="esp32s3" -DARDUINO_PARTITION_default -DARDUINO_HOST_OS="windows" -DARDUINO_FQBN="esp32:esp32:esp32s3" -DESP32=ESP32 -DCORE_DEBUG_LEVEL=0 -DARDUINO_RUNNING_CORE=1 -DARDUINO_EVENT_RUNNING_CORE=1 -DARDUINO_USB_MODE=1 -DARDUINO_USB_CDC_ON_BOOT=0 -DARDUINO_USB_MSC_ON_BOOT=0 -DARDUINO_USB_DFU_ON_BOOT=0 @C:\Users\slett\AppData\Local\Arduino15\packages\esp32\tools\esp32-arduino-libs\idf-release_v5.5-f1a1df9b-v3\esp32s3/flags/defines -ID:\_dev\_Projects\dev-boards\_projects\esp32-s3__LB-Gold\sht21-solo -iprefix C:\Users\slett\AppData\Local\Arduino15\packages\esp32\tools\esp32-arduino-libs\idf-release_v5.5-f1a1df9b-v3\esp32s3/include/ @C:\Users\slett\AppData\Local\Arduino15\packages\esp32\tools\esp32-arduino-libs\idf-release_v5.5-f1a1df9b-v3\esp32s3/flags/includes -IC:\Users\slett\AppData\Local\Arduino15\packages\esp32\tools\esp32-arduino-libs\idf-release_v5.5-f1a1df9b-v3\esp32s3/qio_qspi/include -IC:\Users\slett\AppData\Local\Arduino15\packages\esp32\hardware\esp32\3.3.3\cores\esp32 -IC:\Users\slett\AppData\Local\Arduino15\packages\esp32\hardware\esp32\3.3.3\variants\esp32s3 -IC:\Users\slett\AppData\Local\Arduino15\packages\esp32\hardware\esp32\3.3.3\libraries\Wire\src @D:\_dev\_Projects\dev-boards\_projects\esp32-s3__LB-Gold\sht21-solo\build/build_opt.h @D:\_dev\_Projects\dev-boards\_projects\esp32-s3__LB-Gold\sht21-solo\build/file_opts D:\_dev\_Projects\dev-boards\_projects\esp32-s3__LB-Gold\sht21-solo\build\sketch\sht21-solo.ino.cpp -o nul
Alternatives for MQTT_RPi_Client.h: [MQTT_RPi_Client@1.0.0]
ResolveLibrary(MQTT_RPi_Client.h)
  -> candidates: [MQTT_RPi_Client@1.0.0]
C:\Users\slett\AppData\Local\Arduino15\packages\esp32\tools\esp-x32\2507/bin/xtensa-esp32s3-elf-g++ -c @C:\Users\slett\AppData\Local\Arduino15\packages\esp32\tools\esp32-arduino-libs\idf-release_v5.5-f1a1df9b-v3\esp32s3/flags/cpp_flags -w -Os -Werror=return-type -w -x c++ -E -CC -DF_CPU=240000000L -DARDUINO=10607 -DARDUINO_ESP32S3_DEV -DARDUINO_ARCH_ESP32 -DARDUINO_BOARD="ESP32S3_DEV" -DARDUINO_VARIANT="esp32s3" -DARDUINO_PARTITION_default -DARDUINO_HOST_OS="windows" -DARDUINO_FQBN="esp32:esp32:esp32s3" -DESP32=ESP32 -DCORE_DEBUG_LEVEL=0 -DARDUINO_RUNNING_CORE=1 -DARDUINO_EVENT_RUNNING_CORE=1 -DARDUINO_USB_MODE=1 -DARDUINO_USB_CDC_ON_BOOT=0 -DARDUINO_USB_MSC_ON_BOOT=0 -DARDUINO_USB_DFU_ON_BOOT=0 @C:\Users\slett\AppData\Local\Arduino15\packages\esp32\tools\esp32-arduino-libs\idf-release_v5.5-f1a1df9b-v3\esp32s3/flags/defines -ID:\_dev\_Projects\dev-boards\_projects\esp32-s3__LB-Gold\sht21-solo -iprefix C:\Users\slett\AppData\Local\Arduino15\packages\esp32\tools\esp32-arduino-libs\idf-release_v5.5-f1a1df9b-v3\esp32s3/include/ @C:\Users\slett\AppData\Local\Arduino15\packages\esp32\tools\esp32-arduino-libs\idf-release_v5.5-f1a1df9b-v3\esp32s3/flags/includes -IC:\Users\slett\AppData\Local\Arduino15\packages\esp32\tools\esp32-arduino-libs\idf-release_v5.5-f1a1df9b-v3\esp32s3/qio_qspi/include -IC:\Users\slett\AppData\Local\Arduino15\packages\esp32\hardware\esp32\3.3.3\cores\esp32 -IC:\Users\slett\AppData\Local\Arduino15\packages\esp32\hardware\esp32\3.3.3\variants\esp32s3 -IC:\Users\slett\AppData\Local\Arduino15\packages\esp32\hardware\esp32\3.3.3\libraries\Wire\src -ID:\_dev\_Projects\dev-boards\_libs\esp32-s3\MQTT_RPi_Client @D:\_dev\_Projects\dev-boards\_projects\esp32-s3__LB-Gold\sht21-solo\build/build_opt.h @D:\_dev\_Projects\dev-boards\_projects\esp32-s3__LB-Gold\sht21-solo\build/file_opts D:\_dev\_Projects\dev-boards\_projects\esp32-s3__LB-Gold\sht21-solo\build\sketch\sht21-solo.ino.cpp -o nul
Alternatives for WiFi.h: [WiFi@3.3.3]
ResolveLibrary(WiFi.h)
  -> candidates: [WiFi@3.3.3]
C:\Users\slett\AppData\Local\Arduino15\packages\esp32\tools\esp-x32\2507/bin/xtensa-esp32s3-elf-g++ -c @C:\Users\slett\AppData\Local\Arduino15\packages\esp32\tools\esp32-arduino-libs\idf-release_v5.5-f1a1df9b-v3\esp32s3/flags/cpp_flags -w -Os -Werror=return-type -w -x c++ -E -CC -DF_CPU=240000000L -DARDUINO=10607 -DARDUINO_ESP32S3_DEV -DARDUINO_ARCH_ESP32 -DARDUINO_BOARD="ESP32S3_DEV" -DARDUINO_VARIANT="esp32s3" -DARDUINO_PARTITION_default -DARDUINO_HOST_OS="windows" -DARDUINO_FQBN="esp32:esp32:esp32s3" -DESP32=ESP32 -DCORE_DEBUG_LEVEL=0 -DARDUINO_RUNNING_CORE=1 -DARDUINO_EVENT_RUNNING_CORE=1 -DARDUINO_USB_MODE=1 -DARDUINO_USB_CDC_ON_BOOT=0 -DARDUINO_USB_MSC_ON_BOOT=0 -DARDUINO_USB_DFU_ON_BOOT=0 @C:\Users\slett\AppData\Local\Arduino15\packages\esp32\tools\esp32-arduino-libs\idf-release_v5.5-f1a1df9b-v3\esp32s3/flags/defines -ID:\_dev\_Projects\dev-boards\_projects\esp32-s3__LB-Gold\sht21-solo -iprefix C:\Users\slett\AppData\Local\Arduino15\packages\esp32\tools\esp32-arduino-libs\idf-release_v5.5-f1a1df9b-v3\esp32s3/include/ @C:\Users\slett\AppData\Local\Arduino15\packages\esp32\tools\esp32-arduino-libs\idf-release_v5.5-f1a1df9b-v3\esp32s3/flags/includes -IC:\Users\slett\AppData\Local\Arduino15\packages\esp32\tools\esp32-arduino-libs\idf-release_v5.5-f1a1df9b-v3\esp32s3/qio_qspi/include -IC:\Users\slett\AppData\Local\Arduino15\packages\esp32\hardware\esp32\3.3.3\cores\esp32 -IC:\Users\slett\AppData\Local\Arduino15\packages\esp32\hardware\esp32\3.3.3\variants\esp32s3 -IC:\Users\slett\AppData\Local\Arduino15\packages\esp32\hardware\esp32\3.3.3\libraries\Wire\src -ID:\_dev\_Projects\dev-boards\_libs\esp32-s3\MQTT_RPi_Client -IC:\Users\slett\AppData\Local\Arduino15\packages\esp32\hardware\esp32\3.3.3\libraries\WiFi\src @D:\_dev\_Projects\dev-boards\_projects\esp32-s3__LB-Gold\sht21-solo\build/build_opt.h @D:\_dev\_Projects\dev-boards\_projects\esp32-s3__LB-Gold\sht21-solo\build/file_opts D:\_dev\_Projects\dev-boards\_projects\esp32-s3__LB-Gold\sht21-solo\build\sketch\sht21-solo.ino.cpp -o nul
Alternatives for Network.h: [Networking@3.3.3]
ResolveLibrary(Network.h)
  -> candidates: [Networking@3.3.3]
C:\Users\slett\AppData\Local\Arduino15\packages\esp32\tools\esp-x32\2507/bin/xtensa-esp32s3-elf-g++ -c @C:\Users\slett\AppData\Local\Arduino15\packages\esp32\tools\esp32-arduino-libs\idf-release_v5.5-f1a1df9b-v3\esp32s3/flags/cpp_flags -w -Os -Werror=return-type -w -x c++ -E -CC -DF_CPU=240000000L -DARDUINO=10607 -DARDUINO_ESP32S3_DEV -DARDUINO_ARCH_ESP32 -DARDUINO_BOARD="ESP32S3_DEV" -DARDUINO_VARIANT="esp32s3" -DARDUINO_PARTITION_default -DARDUINO_HOST_OS="windows" -DARDUINO_FQBN="esp32:esp32:esp32s3" -DESP32=ESP32 -DCORE_DEBUG_LEVEL=0 -DARDUINO_RUNNING_CORE=1 -DARDUINO_EVENT_RUNNING_CORE=1 -DARDUINO_USB_MODE=1 -DARDUINO_USB_CDC_ON_BOOT=0 -DARDUINO_USB_MSC_ON_BOOT=0 -DARDUINO_USB_DFU_ON_BOOT=0 @C:\Users\slett\AppData\Local\Arduino15\packages\esp32\tools\esp32-arduino-libs\idf-release_v5.5-f1a1df9b-v3\esp32s3/flags/defines -ID:\_dev\_Projects\dev-boards\_projects\esp32-s3__LB-Gold\sht21-solo -iprefix C:\Users\slett\AppData\Local\Arduino15\packages\esp32\tools\esp32-arduino-libs\idf-release_v5.5-f1a1df9b-v3\esp32s3/include/ @C:\Users\slett\AppData\Local\Arduino15\packages\esp32\tools\esp32-arduino-libs\idf-release_v5.5-f1a1df9b-v3\esp32s3/flags/includes -IC:\Users\slett\AppData\Local\Arduino15\packages\esp32\tools\esp32-arduino-libs\idf-release_v5.5-f1a1df9b-v3\esp32s3/qio_qspi/include -IC:\Users\slett\AppData\Local\Arduino15\packages\esp32\hardware\esp32\3.3.3\cores\esp32 -IC:\Users\slett\AppData\Local\Arduino15\packages\esp32\hardware\esp32\3.3.3\variants\esp32s3 -IC:\Users\slett\AppData\Local\Arduino15\packages\esp32\hardware\esp32\3.3.3\libraries\Wire\src -ID:\_dev\_Projects\dev-boards\_libs\esp32-s3\MQTT_RPi_Client -IC:\Users\slett\AppData\Local\Arduino15\packages\esp32\hardware\esp32\3.3.3\libraries\WiFi\src -IC:\Users\slett\AppData\Local\Arduino15\packages\esp32\hardware\esp32\3.3.3\libraries\Network\src @D:\_dev\_Projects\dev-boards\_projects\esp32-s3__LB-Gold\sht21-solo\build/build_opt.h @D:\_dev\_Projects\dev-boards\_projects\esp32-s3__LB-Gold\sht21-solo\build/file_opts D:\_dev\_Projects\dev-boards\_projects\esp32-s3__LB-Gold\sht21-solo\build\sketch\sht21-solo.ino.cpp -o nul
Alternatives for PubSubClient.h: [PubSubClient@2.8]
ResolveLibrary(PubSubClient.h)
  -> candidates: [PubSubClient@2.8]
C:\Users\slett\AppData\Local\Arduino15\packages\esp32\tools\esp-x32\2507/bin/xtensa-esp32s3-elf-g++ -c @C:\Users\slett\AppData\Local\Arduino15\packages\esp32\tools\esp32-arduino-libs\idf-release_v5.5-f1a1df9b-v3\esp32s3/flags/cpp_flags -w -Os -Werror=return-type -w -x c++ -E -CC -DF_CPU=240000000L -DARDUINO=10607 -DARDUINO_ESP32S3_DEV -DARDUINO_ARCH_ESP32 -DARDUINO_BOARD="ESP32S3_DEV" -DARDUINO_VARIANT="esp32s3" -DARDUINO_PARTITION_default -DARDUINO_HOST_OS="windows" -DARDUINO_FQBN="esp32:esp32:esp32s3" -DESP32=ESP32 -DCORE_DEBUG_LEVEL=0 -DARDUINO_RUNNING_CORE=1 -DARDUINO_EVENT_RUNNING_CORE=1 -DARDUINO_USB_MODE=1 -DARDUINO_USB_CDC_ON_BOOT=0 -DARDUINO_USB_MSC_ON_BOOT=0 -DARDUINO_USB_DFU_ON_BOOT=0 @C:\Users\slett\AppData\Local\Arduino15\packages\esp32\tools\esp32-arduino-libs\idf-release_v5.5-f1a1df9b-v3\esp32s3/flags/defines -ID:\_dev\_Projects\dev-boards\_projects\esp32-s3__LB-Gold\sht21-solo -iprefix C:\Users\slett\AppData\Local\Arduino15\packages\esp32\tools\esp32-arduino-libs\idf-release_v5.5-f1a1df9b-v3\esp32s3/include/ @C:\Users\slett\AppData\Local\Arduino15\packages\esp32\tools\esp32-arduino-libs\idf-release_v5.5-f1a1df9b-v3\esp32s3/flags/includes -IC:\Users\slett\AppData\Local\Arduino15\packages\esp32\tools\esp32-arduino-libs\idf-release_v5.5-f1a1df9b-v3\esp32s3/qio_qspi/include -IC:\Users\slett\AppData\Local\Arduino15\packages\esp32\hardware\esp32\3.3.3\cores\esp32 -IC:\Users\slett\AppData\Local\Arduino15\packages\esp32\hardware\esp32\3.3.3\variants\esp32s3 -IC:\Users\slett\AppData\Local\Arduino15\packages\esp32\hardware\esp32\3.3.3\libraries\Wire\src -ID:\_dev\_Projects\dev-boards\_libs\esp32-s3\MQTT_RPi_Client -IC:\Users\slett\AppData\Local\Arduino15\packages\esp32\hardware\esp32\3.3.3\libraries\WiFi\src -IC:\Users\slett\AppData\Local\Arduino15\packages\esp32\hardware\esp32\3.3.3\libraries\Network\src -ID:\zLinkedFromC\Documents\Arduino\libraries\PubSubClient\src @D:\_dev\_Projects\dev-boards\_projects\esp32-s3__LB-Gold\sht21-solo\build/build_opt.h @D:\_dev\_Projects\dev-boards\_projects\esp32-s3__LB-Gold\sht21-solo\build/file_opts D:\_dev\_Projects\dev-boards\_projects\esp32-s3__LB-Gold\sht21-solo\build\sketch\sht21-solo.ino.cpp -o nul
Alternatives for ArduinoJson.h: [ArduinoJson@7.4.2]
ResolveLibrary(ArduinoJson.h)
  -> candidates: [ArduinoJson@7.4.2]
C:\Users\slett\AppData\Local\Arduino15\packages\esp32\tools\esp-x32\2507/bin/xtensa-esp32s3-elf-g++ -c @C:\Users\slett\AppData\Local\Arduino15\packages\esp32\tools\esp32-arduino-libs\idf-release_v5.5-f1a1df9b-v3\esp32s3/flags/cpp_flags -w -Os -Werror=return-type -w -x c++ -E -CC -DF_CPU=240000000L -DARDUINO=10607 -DARDUINO_ESP32S3_DEV -DARDUINO_ARCH_ESP32 -DARDUINO_BOARD="ESP32S3_DEV" -DARDUINO_VARIANT="esp32s3" -DARDUINO_PARTITION_default -DARDUINO_HOST_OS="windows" -DARDUINO_FQBN="esp32:esp32:esp32s3" -DESP32=ESP32 -DCORE_DEBUG_LEVEL=0 -DARDUINO_RUNNING_CORE=1 -DARDUINO_EVENT_RUNNING_CORE=1 -DARDUINO_USB_MODE=1 -DARDUINO_USB_CDC_ON_BOOT=0 -DARDUINO_USB_MSC_ON_BOOT=0 -DARDUINO_USB_DFU_ON_BOOT=0 @C:\Users\slett\AppData\Local\Arduino15\packages\esp32\tools\esp32-arduino-libs\idf-release_v5.5-f1a1df9b-v3\esp32s3/flags/defines -ID:\_dev\_Projects\dev-boards\_projects\esp32-s3__LB-Gold\sht21-solo -iprefix C:\Users\slett\AppData\Local\Arduino15\packages\esp32\tools\esp32-arduino-libs\idf-release_v5.5-f1a1df9b-v3\esp32s3/include/ @C:\Users\slett\AppData\Local\Arduino15\packages\esp32\tools\esp32-arduino-libs\idf-release_v5.5-f1a1df9b-v3\esp32s3/flags/includes -IC:\Users\slett\AppData\Local\Arduino15\packages\esp32\tools\esp32-arduino-libs\idf-release_v5.5-f1a1df9b-v3\esp32s3/qio_qspi/include -IC:\Users\slett\AppData\Local\Arduino15\packages\esp32\hardware\esp32\3.3.3\cores\esp32 -IC:\Users\slett\AppData\Local\Arduino15\packages\esp32\hardware\esp32\3.3.3\variants\esp32s3 -IC:\Users\slett\AppData\Local\Arduino15\packages\esp32\hardware\esp32\3.3.3\libraries\Wire\src -ID:\_dev\_Projects\dev-boards\_libs\esp32-s3\MQTT_RPi_Client -IC:\Users\slett\AppData\Local\Arduino15\packages\esp32\hardware\esp32\3.3.3\libraries\WiFi\src -IC:\Users\slett\AppData\Local\Arduino15\packages\esp32\hardware\esp32\3.3.3\libraries\Network\src -ID:\zLinkedFromC\Documents\Arduino\libraries\PubSubClient\src -ID:\zLinkedFromC\Documents\Arduino\libraries\ArduinoJson\src @D:\_dev\_Projects\dev-boards\_projects\esp32-s3__LB-Gold\sht21-solo\build/build_opt.h @D:\_dev\_Projects\dev-boards\_projects\esp32-s3__LB-Gold\sht21-solo\build/file_opts D:\_dev\_Projects\dev-boards\_projects\esp32-s3__LB-Gold\sht21-solo\build\sketch\sht21-solo.ino.cpp -o nul
Alternatives for SparkFunHTU21D.h: [SparkFun HTU21D Humidity and Temperature Sensor Breakout@1.1.3]
ResolveLibrary(SparkFunHTU21D.h)
  -> candidates: [SparkFun HTU21D Humidity and Temperature Sensor Breakout@1.1.3]
C:\Users\slett\AppData\Local\Arduino15\packages\esp32\tools\esp-x32\2507/bin/xtensa-esp32s3-elf-g++ -c @C:\Users\slett\AppData\Local\Arduino15\packages\esp32\tools\esp32-arduino-libs\idf-release_v5.5-f1a1df9b-v3\esp32s3/flags/cpp_flags -w -Os -Werror=return-type -w -x c++ -E -CC -DF_CPU=240000000L -DARDUINO=10607 -DARDUINO_ESP32S3_DEV -DARDUINO_ARCH_ESP32 -DARDUINO_BOARD="ESP32S3_DEV" -DARDUINO_VARIANT="esp32s3" -DARDUINO_PARTITION_default -DARDUINO_HOST_OS="windows" -DARDUINO_FQBN="esp32:esp32:esp32s3" -DESP32=ESP32 -DCORE_DEBUG_LEVEL=0 -DARDUINO_RUNNING_CORE=1 -DARDUINO_EVENT_RUNNING_CORE=1 -DARDUINO_USB_MODE=1 -DARDUINO_USB_CDC_ON_BOOT=0 -DARDUINO_USB_MSC_ON_BOOT=0 -DARDUINO_USB_DFU_ON_BOOT=0 @C:\Users\slett\AppData\Local\Arduino15\packages\esp32\tools\esp32-arduino-libs\idf-release_v5.5-f1a1df9b-v3\esp32s3/flags/defines -ID:\_dev\_Projects\dev-boards\_projects\esp32-s3__LB-Gold\sht21-solo -iprefix C:\Users\slett\AppData\Local\Arduino15\packages\esp32\tools\esp32-arduino-libs\idf-release_v5.5-f1a1df9b-v3\esp32s3/include/ @C:\Users\slett\AppData\Local\Arduino15\packages\esp32\tools\esp32-arduino-libs\idf-release_v5.5-f1a1df9b-v3\esp32s3/flags/includes -IC:\Users\slett\AppData\Local\Arduino15\packages\esp32\tools\esp32-arduino-libs\idf-release_v5.5-f1a1df9b-v3\esp32s3/qio_qspi/include -IC:\Users\slett\AppData\Local\Arduino15\packages\esp32\hardware\esp32\3.3.3\cores\esp32 -IC:\Users\slett\AppData\Local\Arduino15\packages\esp32\hardware\esp32\3.3.3\variants\esp32s3 -IC:\Users\slett\AppData\Local\Arduino15\packages\esp32\hardware\esp32\3.3.3\libraries\Wire\src -ID:\_dev\_Projects\dev-boards\_libs\esp32-s3\MQTT_RPi_Client -IC:\Users\slett\AppData\Local\Arduino15\packages\esp32\hardware\esp32\3.3.3\libraries\WiFi\src -IC:\Users\slett\AppData\Local\Arduino15\packages\esp32\hardware\esp32\3.3.3\libraries\Network\src -ID:\zLinkedFromC\Documents\Arduino\libraries\PubSubClient\src -ID:\zLinkedFromC\Documents\Arduino\libraries\ArduinoJson\src -ID:\zLinkedFromC\Documents\Arduino\libraries\SparkFun_HTU21D_Humidity_and_Temperature_Sensor_Breakout\src @D:\_dev\_Projects\dev-boards\_projects\esp32-s3__LB-Gold\sht21-solo\build/build_opt.h @D:\_dev\_Projects\dev-boards\_projects\esp32-s3__LB-Gold\sht21-solo\build/file_opts D:\_dev\_Projects\dev-boards\_projects\esp32-s3__LB-Gold\sht21-solo\build\sketch\sht21-solo.ino.cpp -o nul
Using cached library dependencies for file: C:\Users\slett\AppData\Local\Arduino15\packages\esp32\hardware\esp32\3.3.3\libraries\Wire\src\Wire.cpp
Using cached library dependencies for file: D:\_dev\_Projects\dev-boards\_libs\esp32-s3\MQTT_RPi_Client\MQTT_RPi_Client.cpp
Using cached library dependencies for file: C:\Users\slett\AppData\Local\Arduino15\packages\esp32\hardware\esp32\3.3.3\libraries\WiFi\src\AP.cpp
Using cached library dependencies for file: C:\Users\slett\AppData\Local\Arduino15\packages\esp32\hardware\esp32\3.3.3\libraries\WiFi\src\STA.cpp
Using cached library dependencies for file: C:\Users\slett\AppData\Local\Arduino15\packages\esp32\hardware\esp32\3.3.3\libraries\WiFi\src\WiFi.cpp
Using cached library dependencies for file: C:\Users\slett\AppData\Local\Arduino15\packages\esp32\hardware\esp32\3.3.3\libraries\WiFi\src\WiFiAP.cpp
Using cached library dependencies for file: C:\Users\slett\AppData\Local\Arduino15\packages\esp32\hardware\esp32\3.3.3\libraries\WiFi\src\WiFiGeneric.cpp
Using cached library dependencies for file: C:\Users\slett\AppData\Local\Arduino15\packages\esp32\hardware\esp32\3.3.3\libraries\WiFi\src\WiFiMulti.cpp
Using cached library dependencies for file: C:\Users\slett\AppData\Local\Arduino15\packages\esp32\hardware\esp32\3.3.3\libraries\WiFi\src\WiFiSTA.cpp
Using cached library dependencies for file: C:\Users\slett\AppData\Local\Arduino15\packages\esp32\hardware\esp32\3.3.3\libraries\WiFi\src\WiFiScan.cpp
Using cached library dependencies for file: C:\Users\slett\AppData\Local\Arduino15\packages\esp32\hardware\esp32\3.3.3\libraries\Network\src\NetworkClient.cpp
Using cached library dependencies for file: C:\Users\slett\AppData\Local\Arduino15\packages\esp32\hardware\esp32\3.3.3\libraries\Network\src\NetworkEvents.cpp
Using cached library dependencies for file: C:\Users\slett\AppData\Local\Arduino15\packages\esp32\hardware\esp32\3.3.3\libraries\Network\src\NetworkInterface.cpp
Using cached library dependencies for file: C:\Users\slett\AppData\Local\Arduino15\packages\esp32\hardware\esp32\3.3.3\libraries\Network\src\NetworkManager.cpp
Using cached library dependencies for file: C:\Users\slett\AppData\Local\Arduino15\packages\esp32\hardware\esp32\3.3.3\libraries\Network\src\NetworkServer.cpp
Using cached library dependencies for file: C:\Users\slett\AppData\Local\Arduino15\packages\esp32\hardware\esp32\3.3.3\libraries\Network\src\NetworkUdp.cpp
Using cached library dependencies for file: D:\zLinkedFromC\Documents\Arduino\libraries\PubSubClient\src\PubSubClient.cpp
Using cached library dependencies for file: D:\zLinkedFromC\Documents\Arduino\libraries\SparkFun_HTU21D_Humidity_and_Temperature_Sensor_Breakout\src\SparkFunHTU21D.cpp
Generating function prototypes...
C:\Users\slett\AppData\Local\Arduino15\packages\esp32\tools\esp-x32\2507/bin/xtensa-esp32s3-elf-g++ -c @C:\Users\slett\AppData\Local\Arduino15\packages\esp32\tools\esp32-arduino-libs\idf-release_v5.5-f1a1df9b-v3\esp32s3/flags/cpp_flags -w -Os -Werror=return-type -w -x c++ -E -CC -DF_CPU=240000000L -DARDUINO=10607 -DARDUINO_ESP32S3_DEV -DARDUINO_ARCH_ESP32 -DARDUINO_BOARD="ESP32S3_DEV" -DARDUINO_VARIANT="esp32s3" -DARDUINO_PARTITION_default -DARDUINO_HOST_OS="windows" -DARDUINO_FQBN="esp32:esp32:esp32s3" -DESP32=ESP32 -DCORE_DEBUG_LEVEL=0 -DARDUINO_RUNNING_CORE=1 -DARDUINO_EVENT_RUNNING_CORE=1 -DARDUINO_USB_MODE=1 -DARDUINO_USB_CDC_ON_BOOT=0 -DARDUINO_USB_MSC_ON_BOOT=0 -DARDUINO_USB_DFU_ON_BOOT=0 @C:\Users\slett\AppData\Local\Arduino15\packages\esp32\tools\esp32-arduino-libs\idf-release_v5.5-f1a1df9b-v3\esp32s3/flags/defines -ID:\_dev\_Projects\dev-boards\_projects\esp32-s3__LB-Gold\sht21-solo -iprefix C:\Users\slett\AppData\Local\Arduino15\packages\esp32\tools\esp32-arduino-libs\idf-release_v5.5-f1a1df9b-v3\esp32s3/include/ @C:\Users\slett\AppData\Local\Arduino15\packages\esp32\tools\esp32-arduino-libs\idf-release_v5.5-f1a1df9b-v3\esp32s3/flags/includes -IC:\Users\slett\AppData\Local\Arduino15\packages\esp32\tools\esp32-arduino-libs\idf-release_v5.5-f1a1df9b-v3\esp32s3/qio_qspi/include -IC:\Users\slett\AppData\Local\Arduino15\packages\esp32\hardware\esp32\3.3.3\cores\esp32 -IC:\Users\slett\AppData\Local\Arduino15\packages\esp32\hardware\esp32\3.3.3\variants\esp32s3 -IC:\Users\slett\AppData\Local\Arduino15\packages\esp32\hardware\esp32\3.3.3\libraries\Wire\src -ID:\_dev\_Projects\dev-boards\_libs\esp32-s3\MQTT_RPi_Client -IC:\Users\slett\AppData\Local\Arduino15\packages\esp32\hardware\esp32\3.3.3\libraries\WiFi\src -IC:\Users\slett\AppData\Local\Arduino15\packages\esp32\hardware\esp32\3.3.3\libraries\Network\src -ID:\zLinkedFromC\Documents\Arduino\libraries\PubSubClient\src -ID:\zLinkedFromC\Documents\Arduino\libraries\ArduinoJson\src -ID:\zLinkedFromC\Documents\Arduino\libraries\SparkFun_HTU21D_Humidity_and_Temperature_Sensor_Breakout\src @D:\_dev\_Projects\dev-boards\_projects\esp32-s3__LB-Gold\sht21-solo\build/build_opt.h @D:\_dev\_Projects\dev-boards\_projects\esp32-s3__LB-Gold\sht21-solo\build/file_opts D:\_dev\_Projects\dev-boards\_projects\esp32-s3__LB-Gold\sht21-solo\build\sketch\sht21-solo.ino.cpp -o C:\Users\slett\AppData\Local\Temp\1685501396\sketch_merged.cpp
C:\Users\slett\AppData\Local\Arduino15\packages\builtin\tools\ctags\5.8-arduino11/ctags -u --language-force=c++ -f - --c++-kinds=svpf --fields=KSTtzns --line-directives C:\Users\slett\AppData\Local\Temp\1685501396\sketch_merged.cpp

Compiling sketch...
"C:\\Users\\slett\\AppData\\Local\\Arduino15\\packages\\esp32\\tools\\esp-x32\\2507/bin/xtensa-esp32s3-elf-g++" -MMD -c "@C:\\Users\\slett\\AppData\\Local\\Arduino15\\packages\\esp32\\tools\\esp32-arduino-libs\\idf-release_v5.5-f1a1df9b-v3\\esp32s3/flags/cpp_flags" -w -Os -Werror=return-type -DF_CPU=240000000L -DARDUINO=10607 -DARDUINO_ESP32S3_DEV -DARDUINO_ARCH_ESP32 "-DARDUINO_BOARD=\"ESP32S3_DEV\"" "-DARDUINO_VARIANT=\"esp32s3\"" -DARDUINO_PARTITION_default "-DARDUINO_HOST_OS=\"windows\"" "-DARDUINO_FQBN=\"esp32:esp32:esp32s3\"" -DESP32=ESP32 -DCORE_DEBUG_LEVEL=0 -DARDUINO_RUNNING_CORE=1 -DARDUINO_EVENT_RUNNING_CORE=1 -DARDUINO_USB_MODE=1 -DARDUINO_USB_CDC_ON_BOOT=0 -DARDUINO_USB_MSC_ON_BOOT=0 -DARDUINO_USB_DFU_ON_BOOT=0 "@C:\\Users\\slett\\AppData\\Local\\Arduino15\\packages\\esp32\\tools\\esp32-arduino-libs\\idf-release_v5.5-f1a1df9b-v3\\esp32s3/flags/defines" "-ID:\\_dev\\_Projects\\dev-boards\\_projects\\esp32-s3__LB-Gold\\sht21-solo" -iprefix "C:\\Users\\slett\\AppData\\Local\\Arduino15\\packages\\esp32\\tools\\esp32-arduino-libs\\idf-release_v5.5-f1a1df9b-v3\\esp32s3/include/" "@C:\\Users\\slett\\AppData\\Local\\Arduino15\\packages\\esp32\\tools\\esp32-arduino-libs\\idf-release_v5.5-f1a1df9b-v3\\esp32s3/flags/includes" "-IC:\\Users\\slett\\AppData\\Local\\Arduino15\\packages\\esp32\\tools\\esp32-arduino-libs\\idf-release_v5.5-f1a1df9b-v3\\esp32s3/qio_qspi/include" "-IC:\\Users\\slett\\AppData\\Local\\Arduino15\\packages\\esp32\\hardware\\esp32\\3.3.3\\cores\\esp32" "-IC:\\Users\\slett\\AppData\\Local\\Arduino15\\packages\\esp32\\hardware\\esp32\\3.3.3\\variants\\esp32s3" "-IC:\\Users\\slett\\AppData\\Local\\Arduino15\\packages\\esp32\\hardware\\esp32\\3.3.3\\libraries\\Wire\\src" "-ID:\\_dev\\_Projects\\dev-boards\\_libs\\esp32-s3\\MQTT_RPi_Client" "-IC:\\Users\\slett\\AppData\\Local\\Arduino15\\packages\\esp32\\hardware\\esp32\\3.3.3\\libraries\\WiFi\\src" "-IC:\\Users\\slett\\AppData\\Local\\Arduino15\\packages\\esp32\\hardware\\esp32\\3.3.3\\libraries\\Network\\src" "-ID:\\zLinkedFromC\\Documents\\Arduino\\libraries\\PubSubClient\\src" "-ID:\\zLinkedFromC\\Documents\\Arduino\\libraries\\ArduinoJson\\src" "-ID:\\zLinkedFromC\\Documents\\Arduino\\libraries\\SparkFun_HTU21D_Humidity_and_Temperature_Sensor_Breakout\\src" "@D:\\_dev\\_Projects\\dev-boards\\_projects\\esp32-s3__LB-Gold\\sht21-solo\\build/build_opt.h" "@D:\\_dev\\_Projects\\dev-boards\\_projects\\esp32-s3__LB-Gold\\sht21-solo\\build/file_opts" "D:\\_dev\\_Projects\\dev-boards\\_projects\\esp32-s3__LB-Gold\\sht21-solo\\build\\sketch\\sht21-solo.ino.cpp" -o "D:\\_dev\\_Projects\\dev-boards\\_projects\\esp32-s3__LB-Gold\\sht21-solo\\build\\sketch\\sht21-solo.ino.cpp.o"

==========================================
51 % progress
==========================================

==========================================
52 % progress
==========================================
Compiling libraries...
Compiling library "Wire"
Using previously compiled file: D:\_dev\_Projects\dev-boards\_projects\esp32-s3__LB-Gold\sht21-solo\build\libraries\Wire\Wire.cpp.o
Compiling library "MQTT_RPi_Client"
Using previously compiled file: D:\_dev\_Projects\dev-boards\_projects\esp32-s3__LB-Gold\sht21-solo\build\libraries\MQTT_RPi_Client\MQTT_RPi_Client.cpp.o
Compiling library "WiFi"
Using previously compiled file: D:\_dev\_Projects\dev-boards\_projects\esp32-s3__LB-Gold\sht21-solo\build\libraries\WiFi\AP.cpp.o
Using previously compiled file: D:\_dev\_Projects\dev-boards\_projects\esp32-s3__LB-Gold\sht21-solo\build\libraries\WiFi\WiFiMulti.cpp.o
Using previously compiled file: D:\_dev\_Projects\dev-boards\_projects\esp32-s3__LB-Gold\sht21-solo\build\libraries\WiFi\WiFiSTA.cpp.o
Using previously compiled file: D:\_dev\_Projects\dev-boards\_projects\esp32-s3__LB-Gold\sht21-solo\build\libraries\WiFi\WiFiGeneric.cpp.o
Using previously compiled file: D:\_dev\_Projects\dev-boards\_projects\esp32-s3__LB-Gold\sht21-solo\build\libraries\WiFi\WiFi.cpp.o
Using previously compiled file: D:\_dev\_Projects\dev-boards\_projects\esp32-s3__LB-Gold\sht21-solo\build\libraries\WiFi\WiFiScan.cpp.o
Using previously compiled file: D:\_dev\_Projects\dev-boards\_projects\esp32-s3__LB-Gold\sht21-solo\build\libraries\WiFi\STA.cpp.o
Using previously compiled file: D:\_dev\_Projects\dev-boards\_projects\esp32-s3__LB-Gold\sht21-solo\build\libraries\WiFi\WiFiAP.cpp.o
Compiling library "Networking"
Using previously compiled file: D:\_dev\_Projects\dev-boards\_projects\esp32-s3__LB-Gold\sht21-solo\build\libraries\Network\NetworkEvents.cpp.o
Using previously compiled file: D:\_dev\_Projects\dev-boards\_projects\esp32-s3__LB-Gold\sht21-solo\build\libraries\Network\NetworkUdp.cpp.o
Using previously compiled file: D:\_dev\_Projects\dev-boards\_projects\esp32-s3__LB-Gold\sht21-solo\build\libraries\Network\NetworkClient.cpp.o
Using previously compiled file: D:\_dev\_Projects\dev-boards\_projects\esp32-s3__LB-Gold\sht21-solo\build\libraries\Network\NetworkServer.cpp.o
Using previously compiled file: D:\_dev\_Projects\dev-boards\_projects\esp32-s3__LB-Gold\sht21-solo\build\libraries\Network\NetworkManager.cpp.o
Using previously compiled file: D:\_dev\_Projects\dev-boards\_projects\esp32-s3__LB-Gold\sht21-solo\build\libraries\Network\NetworkInterface.cpp.o
Compiling library "PubSubClient"
Using previously compiled file: D:\_dev\_Projects\dev-boards\_projects\esp32-s3__LB-Gold\sht21-solo\build\libraries\PubSubClient\PubSubClient.cpp.o
Compiling library "ArduinoJson"
Compiling library "SparkFun HTU21D Humidity and Temperature Sensor Breakout"
Using previously compiled file: D:\_dev\_Projects\dev-boards\_projects\esp32-s3__LB-Gold\sht21-solo\build\libraries\SparkFun_HTU21D_Humidity_and_Temperature_Sensor_Breakout\SparkFunHTU21D.cpp.o
Compiling core...
cmd /c echo -DARDUINO_CORE_BUILD > "D:\\_dev\\_Projects\\dev-boards\\_projects\\esp32-s3__LB-Gold\\sht21-solo\\build/file_opts"

==========================================
64 % progress
==========================================
Using previously compiled file: D:\_dev\_Projects\dev-boards\_projects\esp32-s3__LB-Gold\sht21-solo\build\core\ColorFormat.c.o
Using previously compiled file: D:\_dev\_Projects\dev-boards\_projects\esp32-s3__LB-Gold\sht21-solo\build\core\HEXBuilder.cpp.o
Using previously compiled file: D:\_dev\_Projects\dev-boards\_projects\esp32-s3__LB-Gold\sht21-solo\build\core\HashBuilder.cpp.o
Using previously compiled file: D:\_dev\_Projects\dev-boards\_projects\esp32-s3__LB-Gold\sht21-solo\build\core\MacAddress.cpp.o
Using previously compiled file: D:\_dev\_Projects\dev-boards\_projects\esp32-s3__LB-Gold\sht21-solo\build\core\MD5Builder.cpp.o
Using previously compiled file: D:\_dev\_Projects\dev-boards\_projects\esp32-s3__LB-Gold\sht21-solo\build\core\IPAddress.cpp.o
Using previously compiled file: D:\_dev\_Projects\dev-boards\_projects\esp32-s3__LB-Gold\sht21-solo\build\core\FirmwareMSC.cpp.o
Using previously compiled file: D:\_dev\_Projects\dev-boards\_projects\esp32-s3__LB-Gold\sht21-solo\build\core\HardwareSerial.cpp.o
Using previously compiled file: D:\_dev\_Projects\dev-boards\_projects\esp32-s3__LB-Gold\sht21-solo\build\core\HWCDC.cpp.o
Using previously compiled file: D:\_dev\_Projects\dev-boards\_projects\esp32-s3__LB-Gold\sht21-solo\build\core\FunctionalInterrupt.cpp.o
Using previously compiled file: D:\_dev\_Projects\dev-boards\_projects\esp32-s3__LB-Gold\sht21-solo\build\core\Print.cpp.o
Using previously compiled file: D:\_dev\_Projects\dev-boards\_projects\esp32-s3__LB-Gold\sht21-solo\build\core\Stream.cpp.o
Using previously compiled file: D:\_dev\_Projects\dev-boards\_projects\esp32-s3__LB-Gold\sht21-solo\build\core\Esp.cpp.o
Using previously compiled file: D:\_dev\_Projects\dev-boards\_projects\esp32-s3__LB-Gold\sht21-solo\build\core\WMath.cpp.o
Using previously compiled file: D:\_dev\_Projects\dev-boards\_projects\esp32-s3__LB-Gold\sht21-solo\build\core\StreamString.cpp.o
Using previously compiled file: D:\_dev\_Projects\dev-boards\_projects\esp32-s3__LB-Gold\sht21-solo\build\core\Tone.cpp.o
Using previously compiled file: D:\_dev\_Projects\dev-boards\_projects\esp32-s3__LB-Gold\sht21-solo\build\core\USBMSC.cpp.o
Using previously compiled file: D:\_dev\_Projects\dev-boards\_projects\esp32-s3__LB-Gold\sht21-solo\build\core\cbuf.cpp.o
Using previously compiled file: D:\_dev\_Projects\dev-boards\_projects\esp32-s3__LB-Gold\sht21-solo\build\core\USB.cpp.o
Using previously compiled file: D:\_dev\_Projects\dev-boards\_projects\esp32-s3__LB-Gold\sht21-solo\build\core\USBCDC.cpp.o
Using previously compiled file: D:\_dev\_Projects\dev-boards\_projects\esp32-s3__LB-Gold\sht21-solo\build\core\WString.cpp.o
Using previously compiled file: D:\_dev\_Projects\dev-boards\_projects\esp32-s3__LB-Gold\sht21-solo\build\core\esp32-hal-hosted.c.o
Using previously compiled file: D:\_dev\_Projects\dev-boards\_projects\esp32-s3__LB-Gold\sht21-solo\build\core\esp32-hal-dac.c.o
Using previously compiled file: D:\_dev\_Projects\dev-boards\_projects\esp32-s3__LB-Gold\sht21-solo\build\core\base64.cpp.o
Using previously compiled file: D:\_dev\_Projects\dev-boards\_projects\esp32-s3__LB-Gold\sht21-solo\build\core\esp32-hal-cpu.c.o
Using previously compiled file: D:\_dev\_Projects\dev-boards\_projects\esp32-s3__LB-Gold\sht21-solo\build\core\esp32-hal-bt.c.o
Using previously compiled file: D:\_dev\_Projects\dev-boards\_projects\esp32-s3__LB-Gold\sht21-solo\build\core\esp32-hal-adc.c.o
Using previously compiled file: D:\_dev\_Projects\dev-boards\_projects\esp32-s3__LB-Gold\sht21-solo\build\core\chip-debug-report.cpp.o
Using previously compiled file: D:\_dev\_Projects\dev-boards\_projects\esp32-s3__LB-Gold\sht21-solo\build\core\esp32-hal-i2c.c.o
Using previously compiled file: D:\_dev\_Projects\dev-boards\_projects\esp32-s3__LB-Gold\sht21-solo\build\core\esp32-hal-i2c-slave.c.o
Using previously compiled file: D:\_dev\_Projects\dev-boards\_projects\esp32-s3__LB-Gold\sht21-solo\build\core\esp32-hal-periman.c.o
Using previously compiled file: D:\_dev\_Projects\dev-boards\_projects\esp32-s3__LB-Gold\sht21-solo\build\core\esp32-hal-i2c-ng.c.o
Using previously compiled file: D:\_dev\_Projects\dev-boards\_projects\esp32-s3__LB-Gold\sht21-solo\build\core\esp32-hal-matrix.c.o
Using previously compiled file: D:\_dev\_Projects\dev-boards\_projects\esp32-s3__LB-Gold\sht21-solo\build\core\esp32-hal-gpio.c.o
Using previously compiled file: D:\_dev\_Projects\dev-boards\_projects\esp32-s3__LB-Gold\sht21-solo\build\core\esp32-hal-misc.c.o
Using previously compiled file: D:\_dev\_Projects\dev-boards\_projects\esp32-s3__LB-Gold\sht21-solo\build\core\esp32-hal-psram.c.o
Using previously compiled file: D:\_dev\_Projects\dev-boards\_projects\esp32-s3__LB-Gold\sht21-solo\build\core\esp32-hal-ledc.c.o
Using previously compiled file: D:\_dev\_Projects\dev-boards\_projects\esp32-s3__LB-Gold\sht21-solo\build\core\esp32-hal-rmt.c.o
Using previously compiled file: D:\_dev\_Projects\dev-boards\_projects\esp32-s3__LB-Gold\sht21-solo\build\core\esp32-hal-rgb-led.c.o
Using previously compiled file: D:\_dev\_Projects\dev-boards\_projects\esp32-s3__LB-Gold\sht21-solo\build\core\esp32-hal-sigmadelta.c.o
Using previously compiled file: D:\_dev\_Projects\dev-boards\_projects\esp32-s3__LB-Gold\sht21-solo\build\core\esp32-hal-touch.c.o
Using previously compiled file: D:\_dev\_Projects\dev-boards\_projects\esp32-s3__LB-Gold\sht21-solo\build\core\firmware_msc_fat.c.o
Using previously compiled file: D:\_dev\_Projects\dev-boards\_projects\esp32-s3__LB-Gold\sht21-solo\build\core\libb64\cdecode.c.o
Using previously compiled file: D:\_dev\_Projects\dev-boards\_projects\esp32-s3__LB-Gold\sht21-solo\build\core\libb64\cencode.c.o
Using previously compiled file: D:\_dev\_Projects\dev-boards\_projects\esp32-s3__LB-Gold\sht21-solo\build\core\esp32-hal-touch-ng.c.o
Using previously compiled file: D:\_dev\_Projects\dev-boards\_projects\esp32-s3__LB-Gold\sht21-solo\build\core\esp32-hal-spi.c.o
Using previously compiled file: D:\_dev\_Projects\dev-boards\_projects\esp32-s3__LB-Gold\sht21-solo\build\core\freertos_stats.cpp.o
Using previously compiled file: D:\_dev\_Projects\dev-boards\_projects\esp32-s3__LB-Gold\sht21-solo\build\core\esp32-hal-time.c.o
Using previously compiled file: D:\_dev\_Projects\dev-boards\_projects\esp32-s3__LB-Gold\sht21-solo\build\core\stdlib_noniso.c.o
Using previously compiled file: D:\_dev\_Projects\dev-boards\_projects\esp32-s3__LB-Gold\sht21-solo\build\core\esp32-hal-timer.c.o
Using previously compiled file: D:\_dev\_Projects\dev-boards\_projects\esp32-s3__LB-Gold\sht21-solo\build\core\esp32-hal-tinyusb.c.o
Using previously compiled file: D:\_dev\_Projects\dev-boards\_projects\esp32-s3__LB-Gold\sht21-solo\build\core\esp32-hal-uart.c.o
Using previously compiled file: D:\_dev\_Projects\dev-boards\_projects\esp32-s3__LB-Gold\sht21-solo\build\core\main.cpp.o
Using previously compiled file: D:\_dev\_Projects\dev-boards\_projects\esp32-s3__LB-Gold\sht21-solo\build\core\wiring_pulse.c.o
Using previously compiled file: D:\_dev\_Projects\dev-boards\_projects\esp32-s3__LB-Gold\sht21-solo\build\core\wiring_shift.c.o
Using previously compiled file: D:\_dev\_Projects\dev-boards\_projects\esp32-s3__LB-Gold\sht21-solo\build\core\core.a
cmd /c type nul > "D:\\_dev\\_Projects\\dev-boards\\_projects\\esp32-s3__LB-Gold\\sht21-solo\\build/file_opts"
Linking everything together...
"C:\\Users\\slett\\AppData\\Local\\Arduino15\\packages\\esp32\\tools\\esp-x32\\2507/bin/xtensa-esp32s3-elf-g++" "-Wl,--Map=D:\\_dev\\_Projects\\dev-boards\\_projects\\esp32-s3__LB-Gold\\sht21-solo\\build/sht21-solo.ino.map" "-LC:\\Users\\slett\\AppData\\Local\\Arduino15\\packages\\esp32\\tools\\esp32-arduino-libs\\idf-release_v5.5-f1a1df9b-v3\\esp32s3/lib" "-LC:\\Users\\slett\\AppData\\Local\\Arduino15\\packages\\esp32\\tools\\esp32-arduino-libs\\idf-release_v5.5-f1a1df9b-v3\\esp32s3/ld" "-LC:\\Users\\slett\\AppData\\Local\\Arduino15\\packages\\esp32\\tools\\esp32-arduino-libs\\idf-release_v5.5-f1a1df9b-v3\\esp32s3/qio_qspi" -Wl,--wrap=esp_panic_handler "@C:\\Users\\slett\\AppData\\Local\\Arduino15\\packages\\esp32\\tools\\esp32-arduino-libs\\idf-release_v5.5-f1a1df9b-v3\\esp32s3/flags/ld_flags" "@C:\\Users\\slett\\AppData\\Local\\Arduino15\\packages\\esp32\\tools\\esp32-arduino-libs\\idf-release_v5.5-f1a1df9b-v3\\esp32s3/flags/ld_scripts" -Wl,--start-group "D:\\_dev\\_Projects\\dev-boards\\_projects\\esp32-s3__LB-Gold\\sht21-solo\\build\\sketch\\sht21-solo.ino.cpp.o" "D:\\_dev\\_Projects\\dev-boards\\_projects\\esp32-s3__LB-Gold\\sht21-solo\\build\\libraries\\Wire\\Wire.cpp.o" "D:\\_dev\\_Projects\\dev-boards\\_projects\\esp32-s3__LB-Gold\\sht21-solo\\build\\libraries\\MQTT_RPi_Client\\MQTT_RPi_Client.cpp.o" "D:\\_dev\\_Projects\\dev-boards\\_projects\\esp32-s3__LB-Gold\\sht21-solo\\build\\libraries\\WiFi\\AP.cpp.o" "D:\\_dev\\_Projects\\dev-boards\\_projects\\esp32-s3__LB-Gold\\sht21-solo\\build\\libraries\\WiFi\\STA.cpp.o" "D:\\_dev\\_Projects\\dev-boards\\_projects\\esp32-s3__LB-Gold\\sht21-solo\\build\\libraries\\WiFi\\WiFi.cpp.o" "D:\\_dev\\_Projects\\dev-boards\\_projects\\esp32-s3__LB-Gold\\sht21-solo\\build\\libraries\\WiFi\\WiFiAP.cpp.o" "D:\\_dev\\_Projects\\dev-boards\\_projects\\esp32-s3__LB-Gold\\sht21-solo\\build\\libraries\\WiFi\\WiFiGeneric.cpp.o" "D:\\_dev\\_Projects\\dev-boards\\_projects\\esp32-s3__LB-Gold\\sht21-solo\\build\\libraries\\WiFi\\WiFiMulti.cpp.o" "D:\\_dev\\_Projects\\dev-boards\\_projects\\esp32-s3__LB-Gold\\sht21-solo\\build\\libraries\\WiFi\\WiFiSTA.cpp.o" "D:\\_dev\\_Projects\\dev-boards\\_projects\\esp32-s3__LB-Gold\\sht21-solo\\build\\libraries\\WiFi\\WiFiScan.cpp.o" "D:\\_dev\\_Projects\\dev-boards\\_projects\\esp32-s3__LB-Gold\\sht21-solo\\build\\libraries\\Network\\NetworkClient.cpp.o" "D:\\_dev\\_Projects\\dev-boards\\_projects\\esp32-s3__LB-Gold\\sht21-solo\\build\\libraries\\Network\\NetworkEvents.cpp.o" "D:\\_dev\\_Projects\\dev-boards\\_projects\\esp32-s3__LB-Gold\\sht21-solo\\build\\libraries\\Network\\NetworkInterface.cpp.o" "D:\\_dev\\_Projects\\dev-boards\\_projects\\esp32-s3__LB-Gold\\sht21-solo\\build\\libraries\\Network\\NetworkManager.cpp.o" "D:\\_dev\\_Projects\\dev-boards\\_projects\\esp32-s3__LB-Gold\\sht21-solo\\build\\libraries\\Network\\NetworkServer.cpp.o" "D:\\_dev\\_Projects\\dev-boards\\_projects\\esp32-s3__LB-Gold\\sht21-solo\\build\\libraries\\Network\\NetworkUdp.cpp.o" "D:\\_dev\\_Projects\\dev-boards\\_projects\\esp32-s3__LB-Gold\\sht21-solo\\build\\libraries\\PubSubClient\\PubSubClient.cpp.o" "D:\\_dev\\_Projects\\dev-boards\\_projects\\esp32-s3__LB-Gold\\sht21-solo\\build\\libraries\\SparkFun_HTU21D_Humidity_and_Temperature_Sensor_Breakout\\SparkFunHTU21D.cpp.o" "D:\\_dev\\_Projects\\dev-boards\\_projects\\esp32-s3__LB-Gold\\sht21-solo\\build\\core\\core.a" "@C:\\Users\\slett\\AppData\\Local\\Arduino15\\packages\\esp32\\tools\\esp32-arduino-libs\\idf-release_v5.5-f1a1df9b-v3\\esp32s3/flags/ld_libs" -Wl,--end-group -Wl,-EL -o "D:\\_dev\\_Projects\\dev-boards\\_projects\\esp32-s3__LB-Gold\\sht21-solo\\build/sht21-solo.ino.elf"

==========================================
65 % progress
==========================================

==========================================
66 % progress
==========================================

==========================================
67 % progress
==========================================

==========================================
68 % progress
==========================================

==========================================
69 % progress
==========================================

==========================================
70 % progress
==========================================

==========================================
71 % progress
==========================================

==========================================
72 % progress
==========================================

==========================================
73 % progress
==========================================

==========================================
74 % progress
==========================================

==========================================
75 % progress
==========================================

==========================================
76 % progress
==========================================

==========================================
77 % progress
==========================================

==========================================
78 % progress
==========================================

==========================================
79 % progress
==========================================

==========================================
80 % progress
==========================================

==========================================
81 % progress
==========================================

==========================================
82 % progress
==========================================

==========================================
83 % progress
==========================================

==========================================
84 % progress
==========================================

==========================================
85 % progress
==========================================

==========================================
86 % progress
==========================================

==========================================
87 % progress
==========================================

==========================================
88 % progress
==========================================

==========================================
89 % progress
==========================================

==========================================
90 % progress
==========================================
"C:\\Users\\slett\\AppData\\Local\\Arduino15\\packages\\esp32\\tools\\esptool_py\\5.1.0/esptool.exe" --chip esp32s3 elf2image --flash-mode dio --flash-freq 80m --flash-size 4MB --elf-sha256-offset 0xb0 -o "D:\\_dev\\_Projects\\dev-boards\\_projects\\esp32-s3__LB-Gold\\sht21-solo\\build/sht21-solo.ino.bin" "D:\\_dev\\_Projects\\dev-boards\\_projects\\esp32-s3__LB-Gold\\sht21-solo\\build/sht21-solo.ino.elf"

==========================================
91 % progress
==========================================

==========================================
92 % progress
==========================================
esptool v5.1.0
Creating ESP32S3 image...
Merged 2 ELF sections.
Successfully created ESP32S3 image.

==========================================
93 % progress
==========================================

==========================================
94 % progress
==========================================
"C:\\Users\\slett\\AppData\\Local\\Arduino15\\packages\\esp32\\hardware\\esp32\\3.3.3\\tools\\gen_esp32part.exe" -q "D:\\_dev\\_Projects\\dev-boards\\_projects\\esp32-s3__LB-Gold\\sht21-solo\\build/partitions.csv" "D:\\_dev\\_Projects\\dev-boards\\_projects\\esp32-s3__LB-Gold\\sht21-solo\\build/sht21-solo.ino.partitions.bin"

==========================================
95 % progress
==========================================
cmd /c if exist "D:\\_dev\\_Projects\\dev-boards\\_projects\\esp32-s3__LB-Gold\\sht21-solo\\build\\libraries\\Insights" "C:\\Users\\slett\\AppData\\Local\\Arduino15\\packages\\esp32\\hardware\\esp32\\3.3.3\\tools\\gen_insights_package.exe" "D:\\_dev\\_Projects\\dev-boards\\_projects\\esp32-s3__LB-Gold\\sht21-solo\\build" sht21-solo.ino "D:\\_dev\\_Projects\\dev-boards\\_projects\\esp32-s3__LB-Gold\\sht21-solo"

==========================================
96 % progress
==========================================
cmd /c if exist "D:\\_dev\\_Projects\\dev-boards\\_projects\\esp32-s3__LB-Gold\\sht21-solo\\build\\libraries\\ESP_SR" if exist "C:\\Users\\slett\\AppData\\Local\\Arduino15\\packages\\esp32\\tools\\esp32-arduino-libs\\idf-release_v5.5-f1a1df9b-v3\\esp32s3\\esp_sr\\srmodels.bin" COPY /y "C:\\Users\\slett\\AppData\\Local\\Arduino15\\packages\\esp32\\tools\\esp32-arduino-libs\\idf-release_v5.5-f1a1df9b-v3\\esp32s3\\esp_sr\\srmodels.bin" "D:\\_dev\\_Projects\\dev-boards\\_projects\\esp32-s3__LB-Gold\\sht21-solo\\build\\srmodels.bin"
"C:\\Users\\slett\\AppData\\Local\\Arduino15\\packages\\esp32\\tools\\esptool_py\\5.1.0/esptool.exe" --chip esp32s3 merge-bin -o "D:\\_dev\\_Projects\\dev-boards\\_projects\\esp32-s3__LB-Gold\\sht21-solo\\build/sht21-solo.ino.merged.bin" --pad-to-size 4MB --flash-mode keep --flash-freq keep --flash-size keep 0x0 "D:\\_dev\\_Projects\\dev-boards\\_projects\\esp32-s3__LB-Gold\\sht21-solo\\build/sht21-solo.ino.bootloader.bin" 0x8000 "D:\\_dev\\_Projects\\dev-boards\\_projects\\esp32-s3__LB-Gold\\sht21-solo\\build/sht21-solo.ino.partitions.bin" 0xe000 "C:\\Users\\slett\\AppData\\Local\\Arduino15\\packages\\esp32\\hardware\\esp32\\3.3.3/tools/partitions/boot_app0.bin" 0x10000 "D:\\_dev\\_Projects\\dev-boards\\_projects\\esp32-s3__LB-Gold\\sht21-solo\\build/sht21-solo.ino.bin"

==========================================
97 % progress
==========================================

==========================================
98 % progress
==========================================

==========================================
99 % progress
==========================================
esptool v5.1.0
Wrote 0x400000 bytes to file 'D:\_dev\_Projects\dev-boards\_projects\esp32-s3__LB-Gold\sht21-solo\build/sht21-solo.ino.merged.bin', ready to flash to offset 0x0.
Using library Wire at version 3.3.3 in folder: C:\Users\slett\AppData\Local\Arduino15\packages\esp32\hardware\esp32\3.3.3\libraries\Wire 
Using library MQTT_RPi_Client at version 1.0.0 in folder: D:\_dev\_Projects\dev-boards\_libs\esp32-s3\MQTT_RPi_Client 
Using library WiFi at version 3.3.3 in folder: C:\Users\slett\AppData\Local\Arduino15\packages\esp32\hardware\esp32\3.3.3\libraries\WiFi 
Using library Networking at version 3.3.3 in folder: C:\Users\slett\AppData\Local\Arduino15\packages\esp32\hardware\esp32\3.3.3\libraries\Network 
Using library PubSubClient at version 2.8 in folder: D:\zLinkedFromC\Documents\Arduino\libraries\PubSubClient 
Using library ArduinoJson at version 7.4.2 in folder: D:\zLinkedFromC\Documents\Arduino\libraries\ArduinoJson 
Using library SparkFun HTU21D Humidity and Temperature Sensor Breakout at version 1.1.3 in folder: D:\zLinkedFromC\Documents\Arduino\libraries\SparkFun_HTU21D_Humidity_and_Temperature_Sensor_Breakout 
"C:\\Users\\slett\\AppData\\Local\\Arduino15\\packages\\esp32\\tools\\esp-x32\\2507/bin/xtensa-esp32s3-elf-size" -A "D:\\_dev\\_Projects\\dev-boards\\_projects\\esp32-s3__LB-Gold\\sht21-solo\\build/sht21-solo.ino.elf"
Sketch uses 906083 bytes (69%) of program storage space. Maximum is 1310720 bytes.
Global variables use 45704 bytes (13%) of dynamic memory, leaving 281976 bytes for local variables. Maximum is 327680 bytes.

[92mUsed library[0m                                             [92mVersion[0m [90mPath[0m
[93mWire[0m                                                     3.3.3   [90mC:\Users\slett\AppData\Local\Arduino15\packages\esp32\hardware\esp32\3.3.3\libraries\Wire[0m
[93mMQTT_RPi_Client[0m                                          1.0.0   [90mD:\_dev\_Projects\dev-boards\_libs\esp32-s3\MQTT_RPi_Client[0m
[93mWiFi[0m                                                     3.3.3   [90mC:\Users\slett\AppData\Local\Arduino15\packages\esp32\hardware\esp32\3.3.3\libraries\WiFi[0m
[93mNetworking[0m                                               3.3.3   [90mC:\Users\slett\AppData\Local\Arduino15\packages\esp32\hardware\esp32\3.3.3\libraries\Network[0m
[93mPubSubClient[0m                                             2.8     [90mD:\zLinkedFromC\Documents\Arduino\libraries\PubSubClient[0m
[93mArduinoJson[0m                                              7.4.2   [90mD:\zLinkedFromC\Documents\Arduino\libraries\ArduinoJson[0m
[93mSparkFun HTU21D Humidity and Temperature Sensor Breakout[0m 1.1.3   [90mD:\zLinkedFromC\Documents\Arduino\libraries\SparkFun_HTU21D_Humidity_and_Temperature_Sensor_Breakout[0m

[92mUsed platform[0m [92mVersion[0m [90mPath[0m
[93mesp32:esp32[0m   3.3.3   [90mC:\Users\slett\AppData\Local\Arduino15\packages\esp32\hardware\esp32\3.3.3[0m

==========================================
100 % progress
==========================================

================================================================================
FINAL PROJECTION CALCULATION RESULTS
================================================================================

CURRENT TRACKING COUNTS:
  files_compiled:      10
  total_files:         10
  libraries_compiled:  9
  total_libraries:     9
  current_stage:       Complete

LIBRARIES DETECTED:
  [] arduinojson (0 files)
  [] mqtt_rpi_client (1 files)
  [] network (6 files)
  [] networking (0 files)
  [] pubsubclient (1 files)
  [] sparkfun htu21d humidity and temperature sensor breakout (0 files)
  [] sparkfun_htu21d_humidity_and_temperature_sensor_breakout (1 files)
  [] wifi (8 files)
  [] wire (1 files)

PROJECTION CALCULATIONS:
  File progress:       10/10 files (100.0%)
  Library progress:    9/9 libraries (100.0%)
  Elapsed time:        41.2 seconds
  Avg compile time:    0.00 seconds/file
  Compile stage time:  38.1 seconds
  File discovery rate: 0.26 files/second

SUB-STAGE STATUS:
  Detecting libraries: No (completed: Yes)
  Generating prototypes: No (completed: Yes)
  Compiling libraries: No
  Compiling core:      Yes
  Compiling sketch:    Yes
  Current library:     (none)
  Current file:        (none)

================================================================================


==========================================
COMPILATION SUMMARY
==========================================
Sketch uses 906083 bytes (69%) of program storage space. Maximum is 1310720 bytes.
Global variables use 45704 bytes (13%) of dynamic memory, leaving 281976 bytes for local variables. Maximum is 327680 bytes.

Used library                                             Version Path
Wire                                                     3.3.3   C:\Users\slett\AppData\Local\Arduino15\packages\esp32\hardware\esp32\3.3.3\libraries\Wire
MQTT_RPi_Client                                          1.0.0   D:\_dev\_Projects\dev-boards\_libs\esp32-s3\MQTT_RPi_Client
WiFi                                                     3.3.3   C:\Users\slett\AppData\Local\Arduino15\packages\esp32\hardware\esp32\3.3.3\libraries\WiFi
Networking                                               3.3.3   C:\Users\slett\AppData\Local\Arduino15\packages\esp32\hardware\esp32\3.3.3\libraries\Network
PubSubClient                                             2.8     D:\zLinkedFromC\Documents\Arduino\libraries\PubSubClient
ArduinoJson                                              7.4.2   D:\zLinkedFromC\Documents\Arduino\libraries\ArduinoJson
SparkFun HTU21D Humidity and Temperature Sensor Breakout 1.1.3   D:\zLinkedFromC\Documents\Arduino\libraries\SparkFun_HTU21D_Humidity_and_Temperature_Sensor_Breakout

Used platform Version Path
esp32:esp32   3.3.3   C:\Users\slett\AppData\Local\Arduino15\packages\esp32\hardware\esp32\3.3.3

